Java to C++ Translator, v. 0.1, (C) 2013 <LoveXTC>
Processing examples/TranslateMe.java ...
 -> examples/TranslateMe.java:1:1
 -> examples/subExamples/HelloWorld.java:1:1
 -> examples/subExamples/HelloUniverse.java:1:1
Object(
  HeaderDeclaration(
    DataLayout(
      FieldDeclaration(
        Modifiers(),
        "__Object_VT*",
        "__vptr",
        Declarators()
      ),
      FieldDeclaration(
        Modifiers(
          "static"
        ),
        "__Object_VT",
        "vtable",
        Declarators()
      ),
      ConstructorDeclaration(
        "Object",
        Parameters()
      ),
      DataLayoutMethodDeclaration(
        Modifiers(
          "static"
        ),
        "String",
        "toString",
        "Object",
        Parameters(
          "__Object"
        )
      ),
      DataLayoutMethodDeclaration(
        Modifiers(
          "static"
        ),
        "int32_t",
        "hashcode",
        "Object",
        Parameters(
          "__Object"
        )
      ),
      DataLayoutMethodDeclaration(
        Modifiers(
          "static"
        ),
        "Class",
        "getClass",
        "Object",
        Parameters(
          "__Object"
        )
      ),
      DataLayoutMethodDeclaration(
        Modifiers(
          "static"
        ),
        "bool",
        "equals",
        "Object",
        Parameters(
          "Object",
          "Object"
        )
      ),
      DataLayoutMethodDeclaration(
        Modifiers(
          "static"
        ),
        "Class",
        "__class",
        "Object",
        Parameters()
      )
    ),
    VTable(
      VTableMethodDeclaration(
        Modifiers(),
        "Class",
        "__isa",
        "Object",
        Parameters()
      ),
      VTableMethodDeclaration(
        Modifiers(),
        "String",
        "toString",
        "Object",
        Parameters(
          "__Object"
        )
      ),
      VTableMethodDeclaration(
        Modifiers(),
        "int32_t",
        "hashcode",
        "Object",
        Parameters(
          "__Object"
        )
      ),
      VTableMethodDeclaration(
        Modifiers(),
        "Class",
        "getClass",
        "Object",
        Parameters(
          "__Object"
        )
      ),
      VTableMethodDeclaration(
        Modifiers(),
        "bool",
        "equals",
        "Object",
        Parameters(
          "Object",
          "Object"
        )
      )
    )
  ),
  String(
    HeaderDeclaration(
      DataLayout(
        FieldDeclaration(
          Modifiers(),
          "__String_VT*",
          "__vptr",
          Declarators()
        ),
        FieldDeclaration(
          Modifiers(
            "static"
          ),
          "__String_VT",
          "vtable",
          Declarators()
        ),
        ConstructorDeclaration(
          "String",
          Parameters()
        ),
        DataLayoutMethodDeclaration(
          Modifiers(
            "static"
          ),
          "String",
          "toString",
          "String",
          Parameters(
            "__String"
          )
        ),
        DataLayoutMethodDeclaration(
          Modifiers(
            "static"
          ),
          "int32_t",
          "hashcode",
          "String",
          Parameters(
            "__String"
          )
        ),
        DataLayoutMethodDeclaration(
          Modifiers(
            "static"
          ),
          "Class",
          "getClass",
          "String",
          Parameters(
            "__String"
          )
        ),
        DataLayoutMethodDeclaration(
          Modifiers(
            "static"
          ),
          "bool",
          "equals",
          "String",
          Parameters(
            "__String",
            "__Object"
          )
        ),
        DataLayoutMethodDeclaration(
          Modifiers(
            "static"
          ),
          "Class",
          "__class",
          "String",
          Parameters()
        ),
        DataLayoutMethodDeclaration(
          Modifiers(
            "static"
          ),
          "int32_t",
          "length",
          "String",
          Parameters(
            "__String"
          )
        ),
        DataLayoutMethodDeclaration(
          Modifiers(
            "static"
          ),
          "int32_t",
          "charAt",
          "String",
          Parameters(
            "__String",
            "int32_t"
          )
        )
      ),
      VTable(
        VTableMethodDeclaration(
          Modifiers(),
          "Class",
          "__isa",
          "Object",
          Parameters()
        ),
        VTableMethodDeclaration(
          Modifiers(),
          "String",
          "toString",
          "Object",
          Parameters(
            "__Object"
          )
        ),
        VTableMethodDeclaration(
          Modifiers(),
          "int32_t",
          "hashcode",
          "Object",
          Parameters(
            "__Object"
          )
        ),
        VTableMethodDeclaration(
          Modifiers(),
          "Class",
          "getClass",
          "Object",
          Parameters(
            "__Object"
          )
        ),
        VTableMethodDeclaration(
          Modifiers(),
          "bool",
          "equals",
          "Object",
          Parameters(
            "Object",
            "Object"
          )
        ),
        VTableMethodDeclaration(
          Modifiers(),
          "int32_t",
          "length",
          "String",
          Parameters(
            "__Object"
          )
        ),
        VTableMethodDeclaration(
          Modifiers(),
          "int32_t",
          "charAt",
          "String",
          Parameters(
            "__Object"
          )
        )
      )
    )
  ),
  Class(
    HeaderDeclaration(
      DataLayout(
        FieldDeclaration(
          Modifiers(),
          "__Class_VT*",
          "__vptr",
          Declarators()
        ),
        FieldDeclaration(
          Modifiers(),
          "String",
          "name",
          Declarators()
        ),
        FieldDeclaration(
          Modifiers(),
          "Class",
          "parent",
          Declarators()
        ),
        FieldDeclaration(
          Modifiers(
            "static"
          ),
          "__Class_VT",
          "vtable",
          Declarators()
        ),
        ConstructorDeclaration(
          "Class",
          Parameters(
            "name",
            "parent"
          )
        ),
        DataLayoutMethodDeclaration(
          Modifiers(
            "static"
          ),
          "String",
          "toString",
          "Class",
          Parameters(
            "__Object"
          )
        ),
        DataLayoutMethodDeclaration(
          Modifiers(
            "static"
          ),
          "String",
          "getName",
          "Class",
          Parameters()
        ),
        DataLayoutMethodDeclaration(
          Modifiers(
            "static"
          ),
          "Class",
          "getSuperclass",
          "Class",
          Parameters()
        ),
        DataLayoutMethodDeclaration(
          Modifiers(
            "Class",
            "Object"
          ),
          "bool",
          "isInstance",
          "Class",
          Parameters()
        ),
        DataLayoutMethodDeclaration(
          Modifiers(
            "static"
          ),
          "Class",
          "__class",
          "Class",
          Parameters()
        )
      ),
      VTable(
        VTableMethodDeclaration(
          Modifiers(),
          "Class",
          "__isa",
          "Object",
          Parameters()
        ),
        VTableMethodDeclaration(
          Modifiers(),
          "String",
          "toString",
          "Object",
          Parameters(
            "__Object"
          )
        ),
        VTableMethodDeclaration(
          Modifiers(),
          "int32_t",
          "hashcode",
          "Object",
          Parameters(
            "__Object"
          )
        ),
        VTableMethodDeclaration(
          Modifiers(),
          "Class",
          "getClass",
          "Object",
          Parameters(
            "__Object"
          )
        ),
        VTableMethodDeclaration(
          Modifiers(),
          "bool",
          "equals",
          "Object",
          Parameters(
            "Object",
            "Object"
          )
        ),
        VTableMethodDeclaration(
          Modifiers(),
          "String",
          "getName",
          "Class",
          Parameters(
            "__Class"
          )
        ),
        VTableMethodDeclaration(
          Modifiers(),
          "Class",
          "getSuperclass",
          "Class",
          Parameters(
            "__Class"
          )
        ),
        VTableMethodDeclaration(
          Modifiers(),
          "bool",
          "isInstance",
          "Class",
          Parameters(
            "__Class",
            "__Object"
          )
        )
      )
    )
  ),
  TranslateMe(
    HeaderDeclaration(
      "subExamples",
      "TranslateMe",
      DataLayout(
        FieldDeclaration(
          Modifiers(),
          "__TranslateMe_VT*",
          "__vptr",
          Declarators()
        ),
        FieldDeclaration(
          Modifiers(
            "static"
          ),
          "__TranslateMe_VT",
          "__vtable",
          Declarators()
        ),
        DataLayoutMethodDeclaration(
          Modifiers(
            "static"
          ),
          "String",
          "toString",
          "Object",
          Parameters(
            "__Object"
          )
        ),
        DataLayoutMethodDeclaration(
          Modifiers(
            "static"
          ),
          "int32_t",
          "hashcode",
          "Object",
          Parameters(
            "__Object"
          )
        ),
        DataLayoutMethodDeclaration(
          Modifiers(
            "static"
          ),
          "Class",
          "getClass",
          "Object",
          Parameters(
            "__Object"
          )
        ),
        DataLayoutMethodDeclaration(
          Modifiers(
            "static"
          ),
          "bool",
          "equals",
          "Object",
          Parameters(
            "Object",
            "Object"
          )
        ),
        DataLayoutMethodDeclaration(
          Modifiers(
            "static"
          ),
          "Class",
          "__class",
          "Object",
          Parameters()
        ),
        DataLayoutMethodDeclaration(
          Modifiers(
            "static"
          ),
          null,
          "main",
          Parameters(
            "String"
          )
        )
      ),
      VTable(
        VTableMethodDeclaration(
          Modifiers(),
          "Class",
          "__isa",
          "Object",
          Parameters()
        ),
        VTableMethodDeclaration(
          Modifiers(),
          "String",
          "toString",
          "Object",
          Parameters(
            "TranslateMe"
          )
        ),
        VTableMethodDeclaration(
          Modifiers(),
          "int32_t",
          "hashcode",
          "Object",
          Parameters(
            "TranslateMe"
          )
        ),
        VTableMethodDeclaration(
          Modifiers(),
          "Class",
          "getClass",
          "Object",
          Parameters(
            "TranslateMe"
          )
        ),
        VTableMethodDeclaration(
          Modifiers(),
          "bool",
          "equals",
          "Object",
          Parameters(
            "TranslateMe",
            "Object"
          )
        ),
        VTableMethodDeclaration(
          Modifiers(),
          null,
          "main",
          "TranslateMe",
          Parameters(
            "String"
          )
        )
      )
    )
  ),
  HelloWorld(
    HeaderDeclaration(
      "subExamples",
      "HelloWorld",
      DataLayout(
        FieldDeclaration(
          Modifiers(),
          "__HelloUniverse_VT*",
          "__vptr",
          Declarators()
        ),
        FieldDeclaration(
          Modifiers(
            "static"
          ),
          "__HelloUniverse_VT",
          "__vtable",
          Declarators()
        ),
        DataLayoutMethodDeclaration(
          Modifiers(
            "static"
          ),
          "String",
          "toString",
          "Object",
          Parameters(
            "__Object"
          )
        ),
        DataLayoutMethodDeclaration(
          Modifiers(
            "static"
          ),
          "int32_t",
          "hashcode",
          "Object",
          Parameters(
            "__Object"
          )
        ),
        DataLayoutMethodDeclaration(
          Modifiers(
            "static"
          ),
          "Class",
          "getClass",
          "Object",
          Parameters(
            "__Object"
          )
        ),
        DataLayoutMethodDeclaration(
          Modifiers(
            "static"
          ),
          "bool",
          "equals",
          "Object",
          Parameters(
            "Object",
            "Object"
          )
        ),
        DataLayoutMethodDeclaration(
          Modifiers(
            "static"
          ),
          "Class",
          "__class",
          "Object",
          Parameters()
        ),
        FieldDeclaration(
          Modifiers(),
          "int32_t",
          "world",
          Declarators()
        ),
        DataLayoutMethodDeclaration(
          Modifiers(
            "static"
          ),
          "int32_t",
          "createWorld",
          Parameters()
        ),
        DataLayoutMethodDeclaration(
          Modifiers(
            "static"
          ),
          "int32_t",
          "returnX",
          Parameters(
            "String"
          )
        ),
        ConstructorDeclaration(
          "HelloUniverse",
          Parameters()
        ),
        DataLayoutMethodDeclaration(
          Modifiers(
            "static"
          ),
          "int32_t",
          "returnX",
          Parameters(
            "String"
          )
        ),
        DataLayoutMethodDeclaration(
          Modifiers(
            "static"
          ),
          "String",
          "toString",
          Parameters()
        )
      ),
      VTable(
        VTableMethodDeclaration(
          Modifiers(),
          "Class",
          "__isa",
          "Object",
          Parameters()
        ),
        VTableMethodDeclaration(
          Modifiers(),
          "int32_t",
          "hashcode",
          "Object",
          Parameters(
            "HelloUniverse"
          )
        ),
        VTableMethodDeclaration(
          Modifiers(),
          "Class",
          "getClass",
          "Object",
          Parameters(
            "HelloUniverse"
          )
        ),
        VTableMethodDeclaration(
          Modifiers(),
          "bool",
          "equals",
          "Object",
          Parameters(
            "HelloUniverse",
            "Object"
          )
        ),
        VTableMethodDeclaration(
          Modifiers(),
          "int32_t",
          "createWorld",
          "HelloWorld",
          Parameters()
        ),
        VTableMethodDeclaration(
          Modifiers(),
          "int32_t",
          "returnX",
          "HelloUniverse",
          Parameters(
            "String"
          )
        ),
        VTableMethodDeclaration(
          Modifiers(),
          "String",
          "toString",
          "HelloUniverse",
          Parameters()
        )
      )
    ),
    HelloUniverse(
      HeaderDeclaration(
        "subExamples",
        "HelloUniverse",
        DataLayout(
          FieldDeclaration(
            Modifiers(),
            "__HelloUniverse_VT*",
            "__vptr",
            Declarators()
          ),
          FieldDeclaration(
            Modifiers(
              "static"
            ),
            "__HelloUniverse_VT",
            "__vtable",
            Declarators()
          ),
          DataLayoutMethodDeclaration(
            Modifiers(
              "static"
            ),
            "String",
            "toString",
            "Object",
            Parameters(
              "__Object"
            )
          ),
          DataLayoutMethodDeclaration(
            Modifiers(
              "static"
            ),
            "int32_t",
            "hashcode",
            "Object",
            Parameters(
              "__Object"
            )
          ),
          DataLayoutMethodDeclaration(
            Modifiers(
              "static"
            ),
            "Class",
            "getClass",
            "Object",
            Parameters(
              "__Object"
            )
          ),
          DataLayoutMethodDeclaration(
            Modifiers(
              "static"
            ),
            "bool",
            "equals",
            "Object",
            Parameters(
              "Object",
              "Object"
            )
          ),
          DataLayoutMethodDeclaration(
            Modifiers(
              "static"
            ),
            "Class",
            "__class",
            "Object",
            Parameters()
          ),
          FieldDeclaration(
            Modifiers(),
            "int32_t",
            "world",
            Declarators()
          ),
          DataLayoutMethodDeclaration(
            Modifiers(
              "static"
            ),
            "int32_t",
            "createWorld",
            Parameters()
          ),
          DataLayoutMethodDeclaration(
            Modifiers(
              "static"
            ),
            "int32_t",
            "returnX",
            Parameters(
              "String"
            )
          ),
          ConstructorDeclaration(
            "HelloUniverse",
            Parameters()
          ),
          DataLayoutMethodDeclaration(
            Modifiers(
              "static"
            ),
            "int32_t",
            "returnX",
            Parameters(
              "String"
            )
          ),
          DataLayoutMethodDeclaration(
            Modifiers(
              "static"
            ),
            "String",
            "toString",
            Parameters()
          )
        ),
        VTable(
          VTableMethodDeclaration(
            Modifiers(),
            "Class",
            "__isa",
            "Object",
            Parameters()
          ),
          VTableMethodDeclaration(
            Modifiers(),
            "int32_t",
            "hashcode",
            "Object",
            Parameters(
              "HelloUniverse"
            )
          ),
          VTableMethodDeclaration(
            Modifiers(),
            "Class",
            "getClass",
            "Object",
            Parameters(
              "HelloUniverse"
            )
          ),
          VTableMethodDeclaration(
            Modifiers(),
            "bool",
            "equals",
            "Object",
            Parameters(
              "HelloUniverse",
              "Object"
            )
          ),
          VTableMethodDeclaration(
            Modifiers(),
            "int32_t",
            "createWorld",
            "HelloWorld",
            Parameters()
          ),
          VTableMethodDeclaration(
            Modifiers(),
            "int32_t",
            "returnX",
            "HelloUniverse",
            Parameters(
              "String"
            )
          ),
          VTableMethodDeclaration(
            Modifiers(),
            "String",
            "toString",
            "HelloUniverse",
            Parameters()
          )
        )
      )
    )
  )
)
